<?xml version="1.0" encoding="UTF-8"?>
<testng-results ignored="0" total="21" passed="21" failed="0" skipped="0">
  <reporter-output>
  </reporter-output>
  <suite started-at="2022-11-21T07:49:01 IST" name="Suite" finished-at="2022-11-21T09:15:15 IST" duration-ms="5173992">
    <groups>
      <group name="cucumber">
        <method signature="AbstractTestNGCucumberTests.runScenario(cucumber.api.testng.PickleEventWrapper,cucumber.api.testng.CucumberFeatureWrapper)[pri:0, instance:testcases.TC001_Validate_amber_connect@63429932]" name="runScenario" class="cucumber.api.testng.AbstractTestNGCucumberTests"/>
      </group> <!-- cucumber -->
    </groups>
    <test started-at="2022-11-21T07:49:01 IST" name="Test" finished-at="2022-11-21T09:15:15 IST" duration-ms="5173992">
      <class name="testcases.TC001_Validate_amber_connect">
        <test-method is-config="true" signature="startReport()[pri:0, instance:testcases.TC001_Validate_amber_connect@63429932]" started-at="2022-11-21T07:49:00 IST" name="startReport" finished-at="2022-11-21T07:49:01 IST" duration-ms="234" status="PASS">
          <reporter-output>
          </reporter-output>
        </test-method> <!-- startReport -->
        <test-method is-config="true" signature="setValues()[pri:0, instance:testcases.TC001_Validate_amber_connect@63429932]" started-at="2022-11-21T07:49:01 IST" name="setValues" finished-at="2022-11-21T07:49:01 IST" duration-ms="0" status="PASS">
          <reporter-output>
          </reporter-output>
        </test-method> <!-- setValues -->
        <test-method is-config="true" signature="setUpClass()[pri:0, instance:testcases.TC001_Validate_amber_connect@63429932]" started-at="2022-11-21T07:49:01 IST" name="setUpClass" finished-at="2022-11-21T07:49:01 IST" duration-ms="174" status="PASS">
          <reporter-output>
          </reporter-output>
        </test-method> <!-- setUpClass -->
        <test-method is-config="true" signature="startTestCase()[pri:0, instance:testcases.TC001_Validate_amber_connect@63429932]" started-at="2022-11-21T07:49:01 IST" name="startTestCase" finished-at="2022-11-21T07:49:01 IST" duration-ms="10" status="PASS">
          <reporter-output>
          </reporter-output>
        </test-method> <!-- startTestCase -->
        <test-method is-config="true" signature="preCondition()[pri:0, instance:testcases.TC001_Validate_amber_connect@63429932]" started-at="2022-11-21T07:49:01 IST" name="preCondition" finished-at="2022-11-21T07:49:09 IST" duration-ms="7991" status="PASS">
          <reporter-output>
          </reporter-output>
        </test-method> <!-- preCondition -->
        <test-method signature="runScenario(cucumber.api.testng.PickleEventWrapper,cucumber.api.testng.CucumberFeatureWrapper)[pri:0, instance:testcases.TC001_Validate_amber_connect@63429932]" started-at="2022-11-21T07:49:09 IST" name="runScenario" description="Runs Cucumber Scenarios" data-provider="scenarios" finished-at="2022-11-21T07:49:34 IST" duration-ms="24758" status="PASS">
          <params>
            <param index="0">
              <value>
                <![CDATA["Validation for the incorrect FLEET ID"]]>
              </value>
            </param>
            <param index="1">
              <value>
                <![CDATA["Validation for the incorrect and correct credententials and Dashboard"]]>
              </value>
            </param>
          </params>
          <reporter-output>
          </reporter-output>
        </test-method> <!-- runScenario -->
        <test-method is-config="true" signature="postCondition()[pri:0, instance:testcases.TC001_Validate_amber_connect@63429932]" started-at="2022-11-21T07:49:34 IST" name="postCondition" finished-at="2022-11-21T07:49:34 IST" duration-ms="127" status="PASS">
          <reporter-output>
          </reporter-output>
        </test-method> <!-- postCondition -->
        <test-method is-config="true" signature="preCondition()[pri:0, instance:testcases.TC001_Validate_amber_connect@63429932]" started-at="2022-11-21T07:49:34 IST" name="preCondition" finished-at="2022-11-21T07:49:39 IST" duration-ms="5244" status="PASS">
          <reporter-output>
          </reporter-output>
        </test-method> <!-- preCondition -->
        <test-method signature="runScenario(cucumber.api.testng.PickleEventWrapper,cucumber.api.testng.CucumberFeatureWrapper)[pri:0, instance:testcases.TC001_Validate_amber_connect@63429932]" started-at="2022-11-21T07:49:39 IST" name="runScenario" description="Runs Cucumber Scenarios" data-provider="scenarios" finished-at="2022-11-21T07:50:03 IST" duration-ms="23926" status="PASS">
          <params>
            <param index="0">
              <value>
                <![CDATA["Validation for the and incorrect Username"]]>
              </value>
            </param>
            <param index="1">
              <value>
                <![CDATA["Validation for the incorrect and correct credententials and Dashboard"]]>
              </value>
            </param>
          </params>
          <reporter-output>
          </reporter-output>
        </test-method> <!-- runScenario -->
        <test-method is-config="true" signature="postCondition()[pri:0, instance:testcases.TC001_Validate_amber_connect@63429932]" started-at="2022-11-21T07:50:03 IST" name="postCondition" finished-at="2022-11-21T07:50:03 IST" duration-ms="82" status="PASS">
          <reporter-output>
          </reporter-output>
        </test-method> <!-- postCondition -->
        <test-method is-config="true" signature="preCondition()[pri:0, instance:testcases.TC001_Validate_amber_connect@63429932]" started-at="2022-11-21T07:50:03 IST" name="preCondition" finished-at="2022-11-21T07:50:09 IST" duration-ms="5889" status="PASS">
          <reporter-output>
          </reporter-output>
        </test-method> <!-- preCondition -->
        <test-method signature="runScenario(cucumber.api.testng.PickleEventWrapper,cucumber.api.testng.CucumberFeatureWrapper)[pri:0, instance:testcases.TC001_Validate_amber_connect@63429932]" started-at="2022-11-21T07:50:09 IST" name="runScenario" description="Runs Cucumber Scenarios" data-provider="scenarios" finished-at="2022-11-21T07:50:32 IST" duration-ms="23404" status="PASS">
          <params>
            <param index="0">
              <value>
                <![CDATA["Validation for the incorrect Password"]]>
              </value>
            </param>
            <param index="1">
              <value>
                <![CDATA["Validation for the incorrect and correct credententials and Dashboard"]]>
              </value>
            </param>
          </params>
          <reporter-output>
          </reporter-output>
        </test-method> <!-- runScenario -->
        <test-method is-config="true" signature="postCondition()[pri:0, instance:testcases.TC001_Validate_amber_connect@63429932]" started-at="2022-11-21T07:50:32 IST" name="postCondition" finished-at="2022-11-21T07:50:32 IST" duration-ms="85" status="PASS">
          <reporter-output>
          </reporter-output>
        </test-method> <!-- postCondition -->
        <test-method is-config="true" signature="preCondition()[pri:0, instance:testcases.TC001_Validate_amber_connect@63429932]" started-at="2022-11-21T07:50:32 IST" name="preCondition" finished-at="2022-11-21T07:50:38 IST" duration-ms="5445" status="PASS">
          <reporter-output>
          </reporter-output>
        </test-method> <!-- preCondition -->
        <test-method signature="runScenario(cucumber.api.testng.PickleEventWrapper,cucumber.api.testng.CucumberFeatureWrapper)[pri:0, instance:testcases.TC001_Validate_amber_connect@63429932]" started-at="2022-11-21T07:50:38 IST" name="runScenario" description="Runs Cucumber Scenarios" data-provider="scenarios" finished-at="2022-11-21T07:51:01 IST" duration-ms="23386" status="PASS">
          <params>
            <param index="0">
              <value>
                <![CDATA["Validation for the incorrect group"]]>
              </value>
            </param>
            <param index="1">
              <value>
                <![CDATA["Validation for the incorrect and correct credententials and Dashboard"]]>
              </value>
            </param>
          </params>
          <reporter-output>
          </reporter-output>
        </test-method> <!-- runScenario -->
        <test-method is-config="true" signature="postCondition()[pri:0, instance:testcases.TC001_Validate_amber_connect@63429932]" started-at="2022-11-21T07:51:01 IST" name="postCondition" finished-at="2022-11-21T07:51:01 IST" duration-ms="104" status="PASS">
          <reporter-output>
          </reporter-output>
        </test-method> <!-- postCondition -->
        <test-method is-config="true" signature="preCondition()[pri:0, instance:testcases.TC001_Validate_amber_connect@63429932]" started-at="2022-11-21T07:51:01 IST" name="preCondition" finished-at="2022-11-21T07:51:07 IST" duration-ms="5258" status="PASS">
          <reporter-output>
          </reporter-output>
        </test-method> <!-- preCondition -->
        <test-method signature="runScenario(cucumber.api.testng.PickleEventWrapper,cucumber.api.testng.CucumberFeatureWrapper)[pri:0, instance:testcases.TC001_Validate_amber_connect@63429932]" started-at="2022-11-21T07:51:07 IST" name="runScenario" description="Runs Cucumber Scenarios" data-provider="scenarios" finished-at="2022-11-21T07:51:27 IST" duration-ms="20289" status="PASS">
          <params>
            <param index="0">
              <value>
                <![CDATA["Validation for the not selected policy"]]>
              </value>
            </param>
            <param index="1">
              <value>
                <![CDATA["Validation for the incorrect and correct credententials and Dashboard"]]>
              </value>
            </param>
          </params>
          <reporter-output>
          </reporter-output>
        </test-method> <!-- runScenario -->
        <test-method is-config="true" signature="postCondition()[pri:0, instance:testcases.TC001_Validate_amber_connect@63429932]" started-at="2022-11-21T07:51:27 IST" name="postCondition" finished-at="2022-11-21T07:51:27 IST" duration-ms="98" status="PASS">
          <reporter-output>
          </reporter-output>
        </test-method> <!-- postCondition -->
        <test-method is-config="true" signature="preCondition()[pri:0, instance:testcases.TC001_Validate_amber_connect@63429932]" started-at="2022-11-21T07:51:27 IST" name="preCondition" finished-at="2022-11-21T07:51:34 IST" duration-ms="6999" status="PASS">
          <reporter-output>
          </reporter-output>
        </test-method> <!-- preCondition -->
        <test-method signature="runScenario(cucumber.api.testng.PickleEventWrapper,cucumber.api.testng.CucumberFeatureWrapper)[pri:0, instance:testcases.TC001_Validate_amber_connect@63429932]" started-at="2022-11-21T07:51:34 IST" name="runScenario" description="Runs Cucumber Scenarios" data-provider="scenarios" finished-at="2022-11-21T07:54:23 IST" duration-ms="169355" status="PASS">
          <params>
            <param index="0">
              <value>
                <![CDATA["Validation for the correct credententials and Dashboard"]]>
              </value>
            </param>
            <param index="1">
              <value>
                <![CDATA["Validation for the incorrect and correct credententials and Dashboard"]]>
              </value>
            </param>
          </params>
          <reporter-output>
          </reporter-output>
        </test-method> <!-- runScenario -->
        <test-method is-config="true" signature="postCondition()[pri:0, instance:testcases.TC001_Validate_amber_connect@63429932]" started-at="2022-11-21T07:54:23 IST" name="postCondition" finished-at="2022-11-21T07:54:23 IST" duration-ms="116" status="PASS">
          <reporter-output>
          </reporter-output>
        </test-method> <!-- postCondition -->
        <test-method is-config="true" signature="preCondition()[pri:0, instance:testcases.TC001_Validate_amber_connect@63429932]" started-at="2022-11-21T07:54:23 IST" name="preCondition" finished-at="2022-11-21T07:54:29 IST" duration-ms="5217" status="PASS">
          <reporter-output>
          </reporter-output>
        </test-method> <!-- preCondition -->
        <test-method signature="runScenario(cucumber.api.testng.PickleEventWrapper,cucumber.api.testng.CucumberFeatureWrapper)[pri:0, instance:testcases.TC001_Validate_amber_connect@63429932]" started-at="2022-11-21T07:54:29 IST" name="runScenario" description="Runs Cucumber Scenarios" data-provider="scenarios" finished-at="2022-11-21T07:57:06 IST" duration-ms="157044" status="PASS">
          <params>
            <param index="0">
              <value>
                <![CDATA["Validation for the events and share location and dash camera"]]>
              </value>
            </param>
            <param index="1">
              <value>
                <![CDATA["Validation for the incorrect and correct credententials and Dashboard"]]>
              </value>
            </param>
          </params>
          <reporter-output>
          </reporter-output>
        </test-method> <!-- runScenario -->
        <test-method is-config="true" signature="postCondition()[pri:0, instance:testcases.TC001_Validate_amber_connect@63429932]" started-at="2022-11-21T07:57:06 IST" name="postCondition" finished-at="2022-11-21T07:57:06 IST" duration-ms="105" status="PASS">
          <reporter-output>
          </reporter-output>
        </test-method> <!-- postCondition -->
        <test-method is-config="true" signature="preCondition()[pri:0, instance:testcases.TC001_Validate_amber_connect@63429932]" started-at="2022-11-21T07:57:06 IST" name="preCondition" finished-at="2022-11-21T07:57:12 IST" duration-ms="6055" status="PASS">
          <reporter-output>
          </reporter-output>
        </test-method> <!-- preCondition -->
        <test-method signature="runScenario(cucumber.api.testng.PickleEventWrapper,cucumber.api.testng.CucumberFeatureWrapper)[pri:0, instance:testcases.TC001_Validate_amber_connect@63429932]" started-at="2022-11-21T07:57:12 IST" name="runScenario" description="Runs Cucumber Scenarios" data-provider="scenarios" finished-at="2022-11-21T08:00:28 IST" duration-ms="196566" status="PASS">
          <params>
            <param index="0">
              <value>
                <![CDATA["Validation of the vehicle information"]]>
              </value>
            </param>
            <param index="1">
              <value>
                <![CDATA["Validation of the vehicle information"]]>
              </value>
            </param>
          </params>
          <reporter-output>
          </reporter-output>
        </test-method> <!-- runScenario -->
        <test-method is-config="true" signature="postCondition()[pri:0, instance:testcases.TC001_Validate_amber_connect@63429932]" started-at="2022-11-21T08:00:28 IST" name="postCondition" finished-at="2022-11-21T08:00:29 IST" duration-ms="118" status="PASS">
          <reporter-output>
          </reporter-output>
        </test-method> <!-- postCondition -->
        <test-method is-config="true" signature="preCondition()[pri:0, instance:testcases.TC001_Validate_amber_connect@63429932]" started-at="2022-11-21T08:00:29 IST" name="preCondition" finished-at="2022-11-21T08:00:35 IST" duration-ms="6774" status="PASS">
          <reporter-output>
          </reporter-output>
        </test-method> <!-- preCondition -->
        <test-method signature="runScenario(cucumber.api.testng.PickleEventWrapper,cucumber.api.testng.CucumberFeatureWrapper)[pri:0, instance:testcases.TC001_Validate_amber_connect@63429932]" started-at="2022-11-21T08:00:35 IST" name="runScenario" description="Runs Cucumber Scenarios" data-provider="scenarios" finished-at="2022-11-21T08:04:17 IST" duration-ms="221550" status="PASS">
          <params>
            <param index="0">
              <value>
                <![CDATA["Validation of the  Odometer"]]>
              </value>
            </param>
            <param index="1">
              <value>
                <![CDATA["Validation of the vehicle information"]]>
              </value>
            </param>
          </params>
          <reporter-output>
          </reporter-output>
        </test-method> <!-- runScenario -->
        <test-method is-config="true" signature="postCondition()[pri:0, instance:testcases.TC001_Validate_amber_connect@63429932]" started-at="2022-11-21T08:04:17 IST" name="postCondition" finished-at="2022-11-21T08:04:17 IST" duration-ms="153" status="PASS">
          <reporter-output>
          </reporter-output>
        </test-method> <!-- postCondition -->
        <test-method is-config="true" signature="preCondition()[pri:0, instance:testcases.TC001_Validate_amber_connect@63429932]" started-at="2022-11-21T08:04:17 IST" name="preCondition" finished-at="2022-11-21T08:04:24 IST" duration-ms="7146" status="PASS">
          <reporter-output>
          </reporter-output>
        </test-method> <!-- preCondition -->
        <test-method signature="runScenario(cucumber.api.testng.PickleEventWrapper,cucumber.api.testng.CucumberFeatureWrapper)[pri:0, instance:testcases.TC001_Validate_amber_connect@63429932]" started-at="2022-11-21T08:04:24 IST" name="runScenario" description="Runs Cucumber Scenarios" data-provider="scenarios" finished-at="2022-11-21T08:08:15 IST" duration-ms="231246" status="PASS">
          <params>
            <param index="0">
              <value>
                <![CDATA["SC003 Commencement of negative scenarios with Test device"]]>
              </value>
            </param>
            <param index="1">
              <value>
                <![CDATA["Validation of Trips Data"]]>
              </value>
            </param>
          </params>
          <reporter-output>
          </reporter-output>
        </test-method> <!-- runScenario -->
        <test-method is-config="true" signature="postCondition()[pri:0, instance:testcases.TC001_Validate_amber_connect@63429932]" started-at="2022-11-21T08:08:15 IST" name="postCondition" finished-at="2022-11-21T08:08:16 IST" duration-ms="132" status="PASS">
          <reporter-output>
          </reporter-output>
        </test-method> <!-- postCondition -->
        <test-method is-config="true" signature="preCondition()[pri:0, instance:testcases.TC001_Validate_amber_connect@63429932]" started-at="2022-11-21T08:08:16 IST" name="preCondition" finished-at="2022-11-21T08:08:22 IST" duration-ms="6375" status="PASS">
          <reporter-output>
          </reporter-output>
        </test-method> <!-- preCondition -->
        <test-method signature="runScenario(cucumber.api.testng.PickleEventWrapper,cucumber.api.testng.CucumberFeatureWrapper)[pri:0, instance:testcases.TC001_Validate_amber_connect@63429932]" started-at="2022-11-21T08:08:22 IST" name="runScenario" description="Runs Cucumber Scenarios" data-provider="scenarios" finished-at="2022-11-21T08:12:05 IST" duration-ms="223096" status="PASS">
          <params>
            <param index="0">
              <value>
                <![CDATA["SC004 Commencement of positive scenarios with SADemo5"]]>
              </value>
            </param>
            <param index="1">
              <value>
                <![CDATA["Validation of Trips Data"]]>
              </value>
            </param>
          </params>
          <reporter-output>
          </reporter-output>
        </test-method> <!-- runScenario -->
        <test-method is-config="true" signature="postCondition()[pri:0, instance:testcases.TC001_Validate_amber_connect@63429932]" started-at="2022-11-21T08:12:05 IST" name="postCondition" finished-at="2022-11-21T08:12:05 IST" duration-ms="86" status="PASS">
          <reporter-output>
          </reporter-output>
        </test-method> <!-- postCondition -->
        <test-method is-config="true" signature="preCondition()[pri:0, instance:testcases.TC001_Validate_amber_connect@63429932]" started-at="2022-11-21T08:12:05 IST" name="preCondition" finished-at="2022-11-21T08:12:12 IST" duration-ms="6694" status="PASS">
          <reporter-output>
          </reporter-output>
        </test-method> <!-- preCondition -->
        <test-method signature="runScenario(cucumber.api.testng.PickleEventWrapper,cucumber.api.testng.CucumberFeatureWrapper)[pri:0, instance:testcases.TC001_Validate_amber_connect@63429932]" started-at="2022-11-21T08:12:12 IST" name="runScenario" description="Runs Cucumber Scenarios" data-provider="scenarios" finished-at="2022-11-21T08:16:22 IST" duration-ms="249983" status="PASS">
          <params>
            <param index="0">
              <value>
                <![CDATA["Validation of small map-big map-Dashboard loop"]]>
              </value>
            </param>
            <param index="1">
              <value>
                <![CDATA["Validation of small map-big map-Dashboard loop"]]>
              </value>
            </param>
          </params>
          <reporter-output>
          </reporter-output>
        </test-method> <!-- runScenario -->
        <test-method is-config="true" signature="postCondition()[pri:0, instance:testcases.TC001_Validate_amber_connect@63429932]" started-at="2022-11-21T08:16:22 IST" name="postCondition" finished-at="2022-11-21T08:16:22 IST" duration-ms="93" status="PASS">
          <reporter-output>
          </reporter-output>
        </test-method> <!-- postCondition -->
        <test-method is-config="true" signature="preCondition()[pri:0, instance:testcases.TC001_Validate_amber_connect@63429932]" started-at="2022-11-21T08:16:22 IST" name="preCondition" finished-at="2022-11-21T08:16:28 IST" duration-ms="6516" status="PASS">
          <reporter-output>
          </reporter-output>
        </test-method> <!-- preCondition -->
        <test-method signature="runScenario(cucumber.api.testng.PickleEventWrapper,cucumber.api.testng.CucumberFeatureWrapper)[pri:0, instance:testcases.TC001_Validate_amber_connect@63429932]" started-at="2022-11-21T08:16:28 IST" name="runScenario" description="Runs Cucumber Scenarios" data-provider="scenarios" finished-at="2022-11-21T08:19:37 IST" duration-ms="188193" status="PASS">
          <params>
            <param index="0">
              <value>
                <![CDATA["Validation for the small map-big map-Dashboard-Events-Share location-loop"]]>
              </value>
            </param>
            <param index="1">
              <value>
                <![CDATA["Validation of small map-big map-Dashboard loop"]]>
              </value>
            </param>
          </params>
          <reporter-output>
          </reporter-output>
        </test-method> <!-- runScenario -->
        <test-method is-config="true" signature="postCondition()[pri:0, instance:testcases.TC001_Validate_amber_connect@63429932]" started-at="2022-11-21T08:19:37 IST" name="postCondition" finished-at="2022-11-21T08:19:37 IST" duration-ms="96" status="PASS">
          <reporter-output>
          </reporter-output>
        </test-method> <!-- postCondition -->
        <test-method is-config="true" signature="preCondition()[pri:0, instance:testcases.TC001_Validate_amber_connect@63429932]" started-at="2022-11-21T08:19:37 IST" name="preCondition" finished-at="2022-11-21T08:19:43 IST" duration-ms="6412" status="PASS">
          <reporter-output>
          </reporter-output>
        </test-method> <!-- preCondition -->
        <test-method signature="runScenario(cucumber.api.testng.PickleEventWrapper,cucumber.api.testng.CucumberFeatureWrapper)[pri:0, instance:testcases.TC001_Validate_amber_connect@63429932]" started-at="2022-11-21T08:19:43 IST" name="runScenario" description="Runs Cucumber Scenarios" data-provider="scenarios" finished-at="2022-11-21T08:30:44 IST" duration-ms="661351" status="PASS">
          <params>
            <param index="0">
              <value>
                <![CDATA["Validation for the vehicle status"]]>
              </value>
            </param>
            <param index="1">
              <value>
                <![CDATA["Validation for the vehicle status"]]>
              </value>
            </param>
          </params>
          <reporter-output>
          </reporter-output>
        </test-method> <!-- runScenario -->
        <test-method is-config="true" signature="postCondition()[pri:0, instance:testcases.TC001_Validate_amber_connect@63429932]" started-at="2022-11-21T08:30:44 IST" name="postCondition" finished-at="2022-11-21T08:30:45 IST" duration-ms="78" status="PASS">
          <reporter-output>
          </reporter-output>
        </test-method> <!-- postCondition -->
        <test-method is-config="true" signature="preCondition()[pri:0, instance:testcases.TC001_Validate_amber_connect@63429932]" started-at="2022-11-21T08:30:45 IST" name="preCondition" finished-at="2022-11-21T08:30:50 IST" duration-ms="5920" status="PASS">
          <reporter-output>
          </reporter-output>
        </test-method> <!-- preCondition -->
        <test-method signature="runScenario(cucumber.api.testng.PickleEventWrapper,cucumber.api.testng.CucumberFeatureWrapper)[pri:0, instance:testcases.TC001_Validate_amber_connect@63429932]" started-at="2022-11-21T08:30:50 IST" name="runScenario" description="Runs Cucumber Scenarios" data-provider="scenarios" finished-at="2022-11-21T08:44:54 IST" duration-ms="843968" status="PASS">
          <params>
            <param index="0">
              <value>
                <![CDATA["Validation for the vehicle type"]]>
              </value>
            </param>
            <param index="1">
              <value>
                <![CDATA["Validation for the vehicle type"]]>
              </value>
            </param>
          </params>
          <reporter-output>
          </reporter-output>
        </test-method> <!-- runScenario -->
        <test-method is-config="true" signature="postCondition()[pri:0, instance:testcases.TC001_Validate_amber_connect@63429932]" started-at="2022-11-21T08:44:54 IST" name="postCondition" finished-at="2022-11-21T08:44:55 IST" duration-ms="79" status="PASS">
          <reporter-output>
          </reporter-output>
        </test-method> <!-- postCondition -->
        <test-method is-config="true" signature="preCondition()[pri:0, instance:testcases.TC001_Validate_amber_connect@63429932]" started-at="2022-11-21T08:44:55 IST" name="preCondition" finished-at="2022-11-21T08:45:05 IST" duration-ms="10689" status="PASS">
          <reporter-output>
          </reporter-output>
        </test-method> <!-- preCondition -->
        <test-method signature="runScenario(cucumber.api.testng.PickleEventWrapper,cucumber.api.testng.CucumberFeatureWrapper)[pri:0, instance:testcases.TC001_Validate_amber_connect@63429932]" started-at="2022-11-21T08:45:05 IST" name="runScenario" description="Runs Cucumber Scenarios" data-provider="scenarios" finished-at="2022-11-21T08:45:27 IST" duration-ms="22058" status="PASS">
          <params>
            <param index="0">
              <value>
                <![CDATA["TC016 Validation for the logout"]]>
              </value>
            </param>
            <param index="1">
              <value>
                <![CDATA["Validation for the logout"]]>
              </value>
            </param>
          </params>
          <reporter-output>
          </reporter-output>
        </test-method> <!-- runScenario -->
        <test-method is-config="true" signature="postCondition()[pri:0, instance:testcases.TC001_Validate_amber_connect@63429932]" started-at="2022-11-21T08:45:27 IST" name="postCondition" finished-at="2022-11-21T08:45:27 IST" duration-ms="66" status="PASS">
          <reporter-output>
          </reporter-output>
        </test-method> <!-- postCondition -->
        <test-method is-config="true" signature="preCondition()[pri:0, instance:testcases.TC001_Validate_amber_connect@63429932]" started-at="2022-11-21T08:45:27 IST" name="preCondition" finished-at="2022-11-21T08:45:35 IST" duration-ms="7175" status="PASS">
          <reporter-output>
          </reporter-output>
        </test-method> <!-- preCondition -->
        <test-method signature="runScenario(cucumber.api.testng.PickleEventWrapper,cucumber.api.testng.CucumberFeatureWrapper)[pri:0, instance:testcases.TC001_Validate_amber_connect@63429932]" started-at="2022-11-21T08:45:35 IST" name="runScenario" description="Runs Cucumber Scenarios" data-provider="scenarios" finished-at="2022-11-21T08:50:11 IST" duration-ms="276881" status="PASS">
          <params>
            <param index="0">
              <value>
                <![CDATA["Validation for the Export files"]]>
              </value>
            </param>
            <param index="1">
              <value>
                <![CDATA["Validation for the Export files"]]>
              </value>
            </param>
          </params>
          <reporter-output>
          </reporter-output>
        </test-method> <!-- runScenario -->
        <test-method is-config="true" signature="postCondition()[pri:0, instance:testcases.TC001_Validate_amber_connect@63429932]" started-at="2022-11-21T08:50:11 IST" name="postCondition" finished-at="2022-11-21T08:50:11 IST" duration-ms="80" status="PASS">
          <reporter-output>
          </reporter-output>
        </test-method> <!-- postCondition -->
        <test-method is-config="true" signature="preCondition()[pri:0, instance:testcases.TC001_Validate_amber_connect@63429932]" started-at="2022-11-21T08:50:11 IST" name="preCondition" finished-at="2022-11-21T08:50:21 IST" duration-ms="9944" status="PASS">
          <reporter-output>
          </reporter-output>
        </test-method> <!-- preCondition -->
        <test-method signature="runScenario(cucumber.api.testng.PickleEventWrapper,cucumber.api.testng.CucumberFeatureWrapper)[pri:0, instance:testcases.TC001_Validate_amber_connect@63429932]" started-at="2022-11-21T08:50:21 IST" name="runScenario" description="Runs Cucumber Scenarios" data-provider="scenarios" finished-at="2022-11-21T08:53:52 IST" duration-ms="210614" status="PASS">
          <params>
            <param index="0">
              <value>
                <![CDATA["Validation for the List"]]>
              </value>
            </param>
            <param index="1">
              <value>
                <![CDATA["Validation for the List"]]>
              </value>
            </param>
          </params>
          <reporter-output>
          </reporter-output>
        </test-method> <!-- runScenario -->
        <test-method is-config="true" signature="postCondition()[pri:0, instance:testcases.TC001_Validate_amber_connect@63429932]" started-at="2022-11-21T08:53:52 IST" name="postCondition" finished-at="2022-11-21T08:53:52 IST" duration-ms="68" status="PASS">
          <reporter-output>
          </reporter-output>
        </test-method> <!-- postCondition -->
        <test-method is-config="true" signature="preCondition()[pri:0, instance:testcases.TC001_Validate_amber_connect@63429932]" started-at="2022-11-21T08:53:52 IST" name="preCondition" finished-at="2022-11-21T08:53:58 IST" duration-ms="5856" status="PASS">
          <reporter-output>
          </reporter-output>
        </test-method> <!-- preCondition -->
        <test-method signature="runScenario(cucumber.api.testng.PickleEventWrapper,cucumber.api.testng.CucumberFeatureWrapper)[pri:0, instance:testcases.TC001_Validate_amber_connect@63429932]" started-at="2022-11-21T08:53:58 IST" name="runScenario" description="Runs Cucumber Scenarios" data-provider="scenarios" finished-at="2022-11-21T08:55:31 IST" duration-ms="93242" status="PASS">
          <params>
            <param index="0">
              <value>
                <![CDATA["Validation for the Multi Trip View"]]>
              </value>
            </param>
            <param index="1">
              <value>
                <![CDATA["Validation for the Multi Trip View"]]>
              </value>
            </param>
          </params>
          <reporter-output>
          </reporter-output>
        </test-method> <!-- runScenario -->
        <test-method is-config="true" signature="postCondition()[pri:0, instance:testcases.TC001_Validate_amber_connect@63429932]" started-at="2022-11-21T08:55:31 IST" name="postCondition" finished-at="2022-11-21T08:55:31 IST" duration-ms="64" status="PASS">
          <reporter-output>
          </reporter-output>
        </test-method> <!-- postCondition -->
        <test-method is-config="true" signature="preCondition()[pri:0, instance:testcases.TC001_Validate_amber_connect@63429932]" started-at="2022-11-21T08:55:31 IST" name="preCondition" finished-at="2022-11-21T08:55:41 IST" duration-ms="9379" status="PASS">
          <reporter-output>
          </reporter-output>
        </test-method> <!-- preCondition -->
        <test-method signature="runScenario(cucumber.api.testng.PickleEventWrapper,cucumber.api.testng.CucumberFeatureWrapper)[pri:0, instance:testcases.TC001_Validate_amber_connect@63429932]" started-at="2022-11-21T08:55:41 IST" name="runScenario" description="Runs Cucumber Scenarios" data-provider="scenarios" finished-at="2022-11-21T09:08:31 IST" duration-ms="770469" status="PASS">
          <params>
            <param index="0">
              <value>
                <![CDATA["Validation for the Analytics"]]>
              </value>
            </param>
            <param index="1">
              <value>
                <![CDATA["Validation for the Analytics"]]>
              </value>
            </param>
          </params>
          <reporter-output>
          </reporter-output>
        </test-method> <!-- runScenario -->
        <test-method is-config="true" signature="postCondition()[pri:0, instance:testcases.TC001_Validate_amber_connect@63429932]" started-at="2022-11-21T09:08:31 IST" name="postCondition" finished-at="2022-11-21T09:08:31 IST" duration-ms="80" status="PASS">
          <reporter-output>
          </reporter-output>
        </test-method> <!-- postCondition -->
        <test-method is-config="true" signature="preCondition()[pri:0, instance:testcases.TC001_Validate_amber_connect@63429932]" started-at="2022-11-21T09:08:31 IST" name="preCondition" finished-at="2022-11-21T09:08:38 IST" duration-ms="6450" status="PASS">
          <reporter-output>
          </reporter-output>
        </test-method> <!-- preCondition -->
        <test-method signature="runScenario(cucumber.api.testng.PickleEventWrapper,cucumber.api.testng.CucumberFeatureWrapper)[pri:0, instance:testcases.TC001_Validate_amber_connect@63429932]" started-at="2022-11-21T09:08:38 IST" name="runScenario" description="Runs Cucumber Scenarios" data-provider="scenarios" finished-at="2022-11-21T09:15:14 IST" duration-ms="396792" status="PASS">
          <params>
            <param index="0">
              <value>
                <![CDATA["Validation for the comparison"]]>
              </value>
            </param>
            <param index="1">
              <value>
                <![CDATA["Validation for the comparison"]]>
              </value>
            </param>
          </params>
          <reporter-output>
          </reporter-output>
        </test-method> <!-- runScenario -->
        <test-method is-config="true" signature="postCondition()[pri:0, instance:testcases.TC001_Validate_amber_connect@63429932]" started-at="2022-11-21T09:15:14 IST" name="postCondition" finished-at="2022-11-21T09:15:15 IST" duration-ms="88" status="PASS">
          <reporter-output>
          </reporter-output>
        </test-method> <!-- postCondition -->
        <test-method is-config="true" signature="tearDownClass()[pri:0, instance:testcases.TC001_Validate_amber_connect@63429932]" started-at="2022-11-21T09:15:15 IST" name="tearDownClass" finished-at="2022-11-21T09:15:15 IST" duration-ms="8" status="PASS">
          <reporter-output>
          </reporter-output>
        </test-method> <!-- tearDownClass -->
        <test-method is-config="true" signature="endResult()[pri:0, instance:testcases.TC001_Validate_amber_connect@63429932]" started-at="2022-11-21T09:15:15 IST" name="endResult" finished-at="2022-11-21T09:15:15 IST" duration-ms="705" status="PASS">
          <reporter-output>
          </reporter-output>
        </test-method> <!-- endResult -->
      </class> <!-- testcases.TC001_Validate_amber_connect -->
    </test> <!-- Test -->
  </suite> <!-- Suite -->
</testng-results>
