<?xml version="1.0" encoding="UTF-8"?>
<!-- Generated by org.testng.reporters.JUnitReportReporter -->
<testsuite hostname="AGLK-LAP-237" failures="0" tests="10" name="testcases.TC005_Vehicle_type" time="2064.446" errors="1" timestamp="2022-09-14T15:48:31 IST" skipped="0">
  <testcase classname="testcases.TC005_Vehicle_type" name="runScenario" time="232.565"/>
  <system-out/>
  <testcase classname="testcases.TC005_Vehicle_type" name="runScenario" time="222.017"/>
  <system-out/>
  <testcase classname="testcases.TC005_Vehicle_type" name="runScenario" time="149.402">
    <error message="See the reporter for details." type="java.lang.RuntimeException">
      <![CDATA[java.lang.RuntimeException: See the reporter for details.
at utils.Reporter.reportStep(Reporter.java:92)
at utils.Reporter.reportStep(Reporter.java:106)
at base.SeleniumBase.click(SeleniumBase.java:143)
at pages.Vehicle_type.clickFilter1(Vehicle_type.java:85)
at ✽.click the Filter icon and select Demo group under the All subgroups and choose SAdemo group and apply under vehicle type(file:src/main/java/features/F05_Vehicle_Type.feature:29)
]]>
    </error>
  </testcase> <!-- runScenario -->
  <system-out/>
  <testcase classname="testcases.TC005_Vehicle_type" name="runScenario" time="223.961"/>
  <system-out/>
  <testcase classname="testcases.TC005_Vehicle_type" name="runScenario" time="222.837"/>
  <system-out/>
  <testcase classname="testcases.TC005_Vehicle_type" name="runScenario" time="233.029"/>
  <system-out/>
  <testcase classname="testcases.TC005_Vehicle_type" name="runScenario" time="217.676"/>
  <system-out/>
  <testcase classname="testcases.TC005_Vehicle_type" name="runScenario" time="212.376"/>
  <system-out/>
  <testcase classname="testcases.TC005_Vehicle_type" name="runScenario" time="145.257"/>
  <system-out/>
  <testcase classname="testcases.TC005_Vehicle_type" name="runScenario" time="205.326"/>
  <system-out/>
</testsuite> <!-- testcases.TC005_Vehicle_type -->
