<?xml version="1.0" encoding="UTF-8"?>
<!-- Generated by org.testng.reporters.JUnitReportReporter -->
<testsuite hostname="AGLK-LAP-237" failures="0" tests="34" name="testcases.TC001_Login" time="3773.542" errors="1" timestamp="2022-09-15T16:24:41 IST" skipped="0">
  <testcase classname="testcases.TC001_Login" name="runScenario" time="91.654"/>
  <system-out/>
  <testcase classname="testcases.TC001_Login" name="runScenario" time="189.442"/>
  <system-out/>
  <testcase classname="testcases.TC001_Login" name="runScenario" time="103.092"/>
  <system-out/>
  <testcase classname="testcases.TC001_Login" name="runScenario" time="197.112"/>
  <system-out/>
  <testcase classname="testcases.TC001_Login" name="runScenario" time="186.525"/>
  <system-out/>
  <testcase classname="testcases.TC001_Login" name="runScenario" time="90.996"/>
  <system-out/>
  <testcase classname="testcases.TC001_Login" name="runScenario" time="185.387"/>
  <system-out/>
  <testcase classname="testcases.TC001_Login" name="runScenario" time="21.748"/>
  <system-out/>
  <testcase classname="testcases.TC001_Login" name="runScenario" time="96.605"/>
  <system-out/>
  <testcase classname="testcases.TC001_Login" name="runScenario" time="54.483"/>
  <system-out/>
  <testcase classname="testcases.TC001_Login" name="runScenario" time="40.065"/>
  <system-out/>
  <testcase classname="testcases.TC001_Login" name="runScenario" time="103.364"/>
  <system-out/>
  <testcase classname="testcases.TC001_Login" name="runScenario" time="98.275"/>
  <system-out/>
  <testcase classname="testcases.TC001_Login" name="runScenario" time="99.448"/>
  <system-out/>
  <testcase classname="testcases.TC001_Login" name="runScenario" time="94.889"/>
  <system-out/>
  <testcase classname="testcases.TC001_Login" name="runScenario" time="94.340"/>
  <system-out/>
  <testcase classname="testcases.TC001_Login" name="runScenario" time="18.986"/>
  <system-out/>
  <testcase classname="testcases.TC001_Login" name="runScenario" time="19.950"/>
  <system-out/>
  <testcase classname="testcases.TC001_Login" name="runScenario" time="122.193"/>
  <system-out/>
  <testcase classname="testcases.TC001_Login" name="runScenario" time="94.553"/>
  <system-out/>
  <testcase classname="testcases.TC001_Login" name="runScenario" time="139.819">
    <error message="See the reporter for details." type="java.lang.RuntimeException">
      <![CDATA[java.lang.RuntimeException: See the reporter for details.
at utils.Reporter.reportStep(Reporter.java:92)
at utils.Reporter.reportStep(Reporter.java:106)
at base.SeleniumBase.locateElement(SeleniumBase.java:610)
at pages.Dashboard.clickFilterAlerts(Dashboard.java:318)
at ✽.click the Filter icon and Clear All option for all the vehicles for the Alerts(file:src/main/java/features/F03_Dashboard.feature:48)
]]>
    </error>
  </testcase> <!-- runScenario -->
  <system-out/>
  <testcase classname="testcases.TC001_Login" name="runScenario" time="20.108"/>
  <system-out/>
  <testcase classname="testcases.TC001_Login" name="runScenario" time="97.587"/>
  <system-out/>
  <testcase classname="testcases.TC001_Login" name="runScenario" time="183.403"/>
  <system-out/>
  <testcase classname="testcases.TC001_Login" name="runScenario" time="95.292"/>
  <system-out/>
  <testcase classname="testcases.TC001_Login" name="runScenario" time="20.640"/>
  <system-out/>
  <testcase classname="testcases.TC001_Login" name="runScenario" time="107.061"/>
  <system-out/>
  <testcase classname="testcases.TC001_Login" name="runScenario" time="189.422"/>
  <system-out/>
  <testcase classname="testcases.TC001_Login" name="runScenario" time="189.461"/>
  <system-out/>
  <testcase classname="testcases.TC001_Login" name="runScenario" time="105.237"/>
  <system-out/>
  <testcase classname="testcases.TC001_Login" name="runScenario" time="131.908"/>
  <system-out/>
  <testcase classname="testcases.TC001_Login" name="runScenario" time="113.627"/>
  <system-out/>
  <testcase classname="testcases.TC001_Login" name="runScenario" time="189.274"/>
  <system-out/>
  <testcase classname="testcases.TC001_Login" name="runScenario" time="187.596"/>
  <system-out/>
</testsuite> <!-- testcases.TC001_Login -->
